Flow report for IIR_FFT_PROJECT
Thu Dec 18 11:24:08 2025
Quartus II Version 9.1 Build 222 10/21/2009 SJ Web Edition


---------------------
; Table of Contents ;
---------------------
  1. Legal Notice
  2. Flow Summary
  3. Flow Settings
  4. Flow Non-Default Global Settings
  5. Flow Elapsed Time
  6. Flow OS Summary
  7. Flow Log



----------------
; Legal Notice ;
----------------
Copyright (C) 1991-2009 Altera Corporation
Your use of Altera Corporation's design tools, logic functions 
and other software and tools, and its AMPP partner logic 
functions, and any output files from any of the foregoing 
(including device programming or simulation files), and any 
associated documentation or information are expressly subject 
to the terms and conditions of the Altera Program License 
Subscription Agreement, Altera MegaCore Function License 
Agreement, or other applicable license agreement, including, 
without limitation, that your use is for the sole purpose of 
programming logic devices manufactured by Altera and sold by 
Altera or its authorized distributors.  Please refer to the 
applicable agreement for further details.



+------------------------------------------------------------------------------+
; Flow Summary                                                                 ;
+------------------------------------+-----------------------------------------+
; Flow Status                        ; Successful - Thu Dec 18 11:24:08 2025   ;
; Quartus II Version                 ; 9.1 Build 222 10/21/2009 SJ Web Edition ;
; Revision Name                      ; IIR_FFT_PROJECT                         ;
; Top-level Entity Name              ; top_fft_iir                             ;
; Family                             ; Cyclone II                              ;
; Device                             ; EP2C70F896C6                            ;
; Timing Models                      ; Final                                   ;
; Met timing requirements            ; Yes                                     ;
; Total logic elements               ; 380 / 68,416 ( < 1 % )                  ;
;     Total combinational functions  ; 318 / 68,416 ( < 1 % )                  ;
;     Dedicated logic registers      ; 257 / 68,416 ( < 1 % )                  ;
; Total registers                    ; 257                                     ;
; Total pins                         ; 19 / 622 ( 3 % )                        ;
; Total virtual pins                 ; 0                                       ;
; Total memory bits                  ; 1,024 / 1,152,000 ( < 1 % )             ;
; Embedded Multiplier 9-bit elements ; 0 / 300 ( 0 % )                         ;
; Total PLLs                         ; 0 / 4 ( 0 % )                           ;
+------------------------------------+-----------------------------------------+


+-----------------------------------------+
; Flow Settings                           ;
+-------------------+---------------------+
; Option            ; Setting             ;
+-------------------+---------------------+
; Start date & time ; 12/18/2025 11:23:56 ;
; Main task         ; Compilation         ;
; Revision Name     ; IIR_FFT_PROJECT     ;
+-------------------+---------------------+


+------------------------------------------------------------------------------------------------------------------------------+
; Flow Non-Default Global Settings                                                                                             ;
+------------------------------------+----------------------------------------+-----------------+-------------+----------------+
; Assignment Name                    ; Value                                  ; Default Value   ; Entity Name ; Section Id     ;
+------------------------------------+----------------------------------------+-----------------+-------------+----------------+
; COMPILER_SIGNATURE_ID              ; 251413959822539.176607503610628        ; --              ; --          ; --             ;
; MAX_CORE_JUNCTION_TEMP             ; 85                                     ; --              ; --          ; --             ;
; MIN_CORE_JUNCTION_TEMP             ; 0                                      ; --              ; --          ; --             ;
; MISC_FILE                          ; E:/IIR_FFT_PROJECT/IIR_FFT_PROJECT.dpf ; --              ; --          ; --             ;
; PARTITION_COLOR                    ; 16764057                               ; --              ; top_fft_iir ; Top            ;
; PARTITION_NETLIST_TYPE             ; SOURCE                                 ; --              ; top_fft_iir ; Top            ;
; TOP_LEVEL_ENTITY                   ; top_fft_iir                            ; IIR_FFT_PROJECT ; --          ; --             ;
; USE_GENERATED_PHYSICAL_CONSTRAINTS ; Off                                    ; --              ; --          ; eda_blast_fpga ;
+------------------------------------+----------------------------------------+-----------------+-------------+----------------+


+-----------------------------------------------------------------------------------------------------------------------------+
; Flow Elapsed Time                                                                                                           ;
+-------------------------+--------------+-------------------------+---------------------+------------------------------------+
; Module Name             ; Elapsed Time ; Average Processors Used ; Peak Virtual Memory ; Total CPU Time (on all processors) ;
+-------------------------+--------------+-------------------------+---------------------+------------------------------------+
; Analysis & Synthesis    ; 00:00:01     ; 1.0                     ; 259 MB              ; 00:00:01                           ;
; Fitter                  ; 00:00:06     ; 1.0                     ; 385 MB              ; 00:00:06                           ;
; Assembler               ; 00:00:02     ; 1.0                     ; 350 MB              ; 00:00:02                           ;
; Classic Timing Analyzer ; 00:00:00     ; 1.0                     ; 183 MB              ; 00:00:00                           ;
; Total                   ; 00:00:09     ; --                      ; --                  ; 00:00:09                           ;
+-------------------------+--------------+-------------------------+---------------------+------------------------------------+


+------------------------------------------------------------------------------------------+
; Flow OS Summary                                                                          ;
+-------------------------+------------------+---------------+------------+----------------+
; Module Name             ; Machine Hostname ; OS Name       ; OS Version ; Processor type ;
+-------------------------+------------------+---------------+------------+----------------+
; Analysis & Synthesis    ; sashank          ; Windows Vista ; 6.2        ; x86_64         ;
; Fitter                  ; sashank          ; Windows Vista ; 6.2        ; x86_64         ;
; Assembler               ; sashank          ; Windows Vista ; 6.2        ; x86_64         ;
; Classic Timing Analyzer ; sashank          ; Windows Vista ; 6.2        ; x86_64         ;
+-------------------------+------------------+---------------+------------+----------------+


------------
; Flow Log ;
------------
quartus_map --read_settings_files=on --write_settings_files=off IIR_FFT_PROJECT -c IIR_FFT_PROJECT
quartus_fit --read_settings_files=off --write_settings_files=off IIR_FFT_PROJECT -c IIR_FFT_PROJECT
quartus_asm --read_settings_files=off --write_settings_files=off IIR_FFT_PROJECT -c IIR_FFT_PROJECT
quartus_tan --read_settings_files=off --write_settings_files=off IIR_FFT_PROJECT -c IIR_FFT_PROJECT --timing_analysis_only



